<?xml version="1.0" encoding="UTF-8"?>
<!-- Generated by org.testng.reporters.JUnitReportReporter -->
<testsuite hostname="DESKTOP-O4AKPOT" failures="0" tests="1" name="com.shivani.seleniumdesignframework.tests.ErrorValidationTest" time="5.575" errors="0" timestamp="2026-06-09T16:19:01 GMT-04:00" skipped="0">
  <testcase classname="com.shivani.seleniumdesignframework.tests.ErrorValidationTest" name="loginErrorValidation" time="5.575"/>
</testsuite> <!-- com.shivani.seleniumdesignframework.tests.ErrorValidationTest -->
