<?xml version="1.0" encoding="UTF-8"?>
<!-- Generated by org.testng.reporters.JUnitReportReporter -->
<testsuite hostname="DESKTOP-O4AKPOT" failures="0" tests="2" name="com.shivani.seleniumdesignframework.tests.SubmitOrderTest" time="33.221" errors="0" timestamp="2026-07-10T16:32:22 GMT-04:00" skipped="0">
  <testcase classname="com.shivani.seleniumdesignframework.tests.SubmitOrderTest" name="submitOrder" time="19.314"/>
  <testcase classname="com.shivani.seleniumdesignframework.tests.SubmitOrderTest" name="submitOrder" time="13.907"/>
</testsuite> <!-- com.shivani.seleniumdesignframework.tests.SubmitOrderTest -->
