<?xml version="1.0" encoding="UTF-8"?>
<!-- Generated by org.testng.reporters.JUnitReportReporter -->
<testsuite hostname="DESKTOP-O4AKPOT" failures="0" tests="2" name="com.shivani.seleniumdesignframework.tests.SubmitOrderTest" time="31.214" errors="0" timestamp="2026-06-14T12:40:01 GMT-04:00" skipped="0">
  <testcase classname="com.shivani.seleniumdesignframework.tests.SubmitOrderTest" name="submitOrder" time="14.698"/>
  <testcase classname="com.shivani.seleniumdesignframework.tests.SubmitOrderTest" name="submitOrder" time="16.516"/>
</testsuite> <!-- com.shivani.seleniumdesignframework.tests.SubmitOrderTest -->
