<?xml version="1.0" encoding="UTF-8"?>
<testng-results ignored="0" total="12" passed="11" failed="1" skipped="0">
  <reporter-output>
  </reporter-output>
  <suite started-at="2026-05-25T17:29:16 GMT-04:00" name="Loan dept" finished-at="2026-05-25T17:29:16 GMT-04:00" duration-ms="163">
    <groups>
      <group name="Smoke">
        <method signature="Test3.mobileLoginCarLoan()[pri:0, instance:test.Test3@79079097]" name="mobileLoginCarLoan" class="test.Test3"/>
      </group> <!-- Smoke -->
    </groups>
    <test started-at="2026-05-25T17:29:16 GMT-04:00" name="Personal loan" finished-at="2026-05-25T17:29:16 GMT-04:00" duration-ms="73">
      <class name="test.Test4">
        <test-method signature="apiLoginHomeLoan()[pri:0, instance:test.Test4@73a1e9a9]" started-at="2026-05-25T17:29:16 GMT-04:00" name="apiLoginHomeLoan" finished-at="2026-05-25T17:29:16 GMT-04:00" duration-ms="1" status="PASS">
          <reporter-output>
          </reporter-output>
        </test-method> <!-- apiLoginHomeLoan -->
        <test-method signature="mobileLoginHomeLoan()[pri:0, instance:test.Test4@73a1e9a9]" started-at="2026-05-25T17:29:16 GMT-04:00" name="mobileLoginHomeLoan" finished-at="2026-05-25T17:29:16 GMT-04:00" duration-ms="2" status="PASS">
          <reporter-output>
          </reporter-output>
        </test-method> <!-- mobileLoginHomeLoan -->
        <test-method signature="webLoginHomeLoan()[pri:0, instance:test.Test4@73a1e9a9]" started-at="2026-05-25T17:29:16 GMT-04:00" name="webLoginHomeLoan" finished-at="2026-05-25T17:29:16 GMT-04:00" duration-ms="2" status="PASS">
          <reporter-output>
          </reporter-output>
        </test-method> <!-- webLoginHomeLoan -->
      </class> <!-- test.Test4 -->
      <class name="test.Test2">
        <test-method is-config="true" signature="preTestModule()[pri:0, instance:test.Test2@235834f2]" started-at="2026-05-25T17:29:16 GMT-04:00" name="preTestModule" finished-at="2026-05-25T17:29:16 GMT-04:00" duration-ms="1" status="PASS">
          <reporter-output>
          </reporter-output>
        </test-method> <!-- preTestModule -->
        <test-method signature="personalLoan()[pri:0, instance:test.Test2@235834f2]" started-at="2026-05-25T17:29:16 GMT-04:00" name="personalLoan" finished-at="2026-05-25T17:29:16 GMT-04:00" duration-ms="2" status="PASS">
          <reporter-output>
          </reporter-output>
        </test-method> <!-- personalLoan -->
        <test-method is-config="true" signature="postMethod()[pri:0, instance:test.Test2@235834f2]" started-at="2026-05-25T17:29:16 GMT-04:00" name="postMethod" finished-at="2026-05-25T17:29:16 GMT-04:00" duration-ms="1" status="PASS">
          <reporter-output>
          </reporter-output>
        </test-method> <!-- postMethod -->
      </class> <!-- test.Test2 -->
      <class name="test.Test1">
        <test-method is-config="true" signature="preMethod()[pri:0, instance:test.Test1@a1153bc]" started-at="2026-05-25T17:29:16 GMT-04:00" name="preMethod" finished-at="2026-05-25T17:29:16 GMT-04:00" duration-ms="0" status="PASS">
          <reporter-output>
          </reporter-output>
        </test-method> <!-- preMethod -->
        <test-method signature="demo1(java.lang.String,java.lang.String)[pri:0, instance:test.Test1@a1153bc]" started-at="2026-05-25T17:29:16 GMT-04:00" name="demo1" finished-at="2026-05-25T17:29:16 GMT-04:00" duration-ms="9" status="PASS">
          <params>
            <param index="0">
              <value>
                <![CDATA[nozama.com]]>
              </value>
            </param>
            <param index="1">
              <value>
                <![CDATA[ABC]]>
              </value>
            </param>
          </params>
          <reporter-output>
          </reporter-output>
        </test-method> <!-- demo1 -->
        <test-method is-config="true" signature="preMethod()[pri:0, instance:test.Test1@a1153bc]" started-at="2026-05-25T17:29:16 GMT-04:00" name="preMethod" finished-at="2026-05-25T17:29:16 GMT-04:00" duration-ms="1" status="PASS">
          <reporter-output>
          </reporter-output>
        </test-method> <!-- preMethod -->
        <test-method signature="demo2()[pri:0, instance:test.Test1@a1153bc]" started-at="2026-05-25T17:29:16 GMT-04:00" name="demo2" finished-at="2026-05-25T17:29:16 GMT-04:00" duration-ms="7" status="FAIL">
          <exception class="java.lang.AssertionError">
            <message>
              <![CDATA[expected [true] but found [false]]]>
            </message>
            <full-stacktrace>
              <![CDATA[java.lang.AssertionError: expected [true] but found [false]
at org.testng.Assert.fail(Assert.java:111)
at org.testng.Assert.failNotEquals(Assert.java:1590)
at org.testng.Assert.assertTrue(Assert.java:57)
at org.testng.Assert.assertTrue(Assert.java:67)
at test.Test1.demo2(Test1.java:22)
at java.base/jdk.internal.reflect.DirectMethodHandleAccessor.invoke(DirectMethodHandleAccessor.java:103)
at java.base/java.lang.reflect.Method.invoke(Method.java:580)
at org.testng.internal.invokers.MethodInvocationHelper.invokeMethod(MethodInvocationHelper.java:141)
at org.testng.internal.invokers.TestInvoker.invokeMethod(TestInvoker.java:687)
at org.testng.internal.invokers.TestInvoker.invokeTestMethod(TestInvoker.java:230)
at org.testng.internal.invokers.MethodRunner.runInSequence(MethodRunner.java:63)
at org.testng.internal.invokers.TestInvoker$MethodInvocationAgent.invoke(TestInvoker.java:995)
at org.testng.internal.invokers.TestInvoker.invokeTestMethods(TestInvoker.java:203)
at org.testng.internal.invokers.TestMethodWorker.invokeTestMethods(TestMethodWorker.java:154)
at org.testng.internal.invokers.TestMethodWorker.run(TestMethodWorker.java:134)
at java.base/java.util.ArrayList.forEach(ArrayList.java:1596)
at org.testng.TestRunner.privateRun(TestRunner.java:741)
at org.testng.TestRunner.run(TestRunner.java:616)
at org.testng.SuiteRunner.runTest(SuiteRunner.java:421)
at org.testng.SuiteRunner$SuiteWorker.run(SuiteRunner.java:463)
at org.testng.internal.thread.ThreadUtil.lambda$execute$0(ThreadUtil.java:64)
at java.base/java.util.concurrent.FutureTask.run(FutureTask.java:317)
at java.base/java.util.concurrent.ThreadPoolExecutor.runWorker(ThreadPoolExecutor.java:1144)
at java.base/java.util.concurrent.ThreadPoolExecutor$Worker.run(ThreadPoolExecutor.java:642)
at java.base/java.lang.Thread.run(Thread.java:1583)
]]>
            </full-stacktrace>
          </exception> <!-- java.lang.AssertionError -->
          <reporter-output>
          </reporter-output>
        </test-method> <!-- demo2 -->
        <test-method is-config="true" signature="postTestModule()[pri:0, instance:test.Test1@a1153bc]" started-at="2026-05-25T17:29:16 GMT-04:00" name="postTestModule" finished-at="2026-05-25T17:29:16 GMT-04:00" duration-ms="1" status="PASS">
          <reporter-output>
          </reporter-output>
        </test-method> <!-- postTestModule -->
      </class> <!-- test.Test1 -->
    </test> <!-- Personal loan -->
    <test started-at="2026-05-25T17:29:16 GMT-04:00" name="Car loan" finished-at="2026-05-25T17:29:16 GMT-04:00" duration-ms="33">
      <class name="test.Test4">
        <test-method is-config="true" signature="postSuite()[pri:0, instance:test.Test4@73a1e9a9]" started-at="2026-05-25T17:29:16 GMT-04:00" name="postSuite" finished-at="2026-05-25T17:29:16 GMT-04:00" duration-ms="2" status="PASS">
          <reporter-output>
          </reporter-output>
        </test-method> <!-- postSuite -->
      </class> <!-- test.Test4 -->
      <class name="test.Test3">
        <test-method is-config="true" signature="preSuite()[pri:0, instance:test.Test3@79079097]" started-at="2026-05-25T17:29:16 GMT-04:00" name="preSuite" finished-at="2026-05-25T17:29:16 GMT-04:00" duration-ms="11" status="PASS">
          <reporter-output>
          </reporter-output>
        </test-method> <!-- preSuite -->
        <test-method is-config="true" signature="preClass()[pri:0, instance:test.Test3@79079097]" started-at="2026-05-25T17:29:16 GMT-04:00" name="preClass" finished-at="2026-05-25T17:29:16 GMT-04:00" duration-ms="1" status="PASS">
          <reporter-output>
          </reporter-output>
        </test-method> <!-- preClass -->
        <test-method signature="mobileLoginCarLoan()[pri:0, instance:test.Test3@79079097]" started-at="2026-05-25T17:29:16 GMT-04:00" name="mobileLoginCarLoan" finished-at="2026-05-25T17:29:16 GMT-04:00" duration-ms="1" status="PASS">
          <reporter-output>
          </reporter-output>
        </test-method> <!-- mobileLoginCarLoan -->
        <test-method signature="mobilePaymentCarLoan(java.lang.String,java.lang.String)[pri:0, instance:test.Test3@79079097]" started-at="2026-05-25T17:29:16 GMT-04:00" name="mobilePaymentCarLoan" data-provider="getData" finished-at="2026-05-25T17:29:16 GMT-04:00" duration-ms="1" status="PASS">
          <params>
            <param index="0">
              <value>
                <![CDATA[userName1]]>
              </value>
            </param>
            <param index="1">
              <value>
                <![CDATA[password1]]>
              </value>
            </param>
          </params>
          <reporter-output>
          </reporter-output>
        </test-method> <!-- mobilePaymentCarLoan -->
        <test-method signature="mobilePaymentCarLoan(java.lang.String,java.lang.String)[pri:0, instance:test.Test3@79079097]" started-at="2026-05-25T17:29:16 GMT-04:00" name="mobilePaymentCarLoan" data-provider="getData" finished-at="2026-05-25T17:29:16 GMT-04:00" duration-ms="2" status="PASS">
          <params>
            <param index="0">
              <value>
                <![CDATA[userName2]]>
              </value>
            </param>
            <param index="1">
              <value>
                <![CDATA[password2]]>
              </value>
            </param>
          </params>
          <reporter-output>
          </reporter-output>
        </test-method> <!-- mobilePaymentCarLoan -->
        <test-method signature="mobilePaymentCarLoan(java.lang.String,java.lang.String)[pri:0, instance:test.Test3@79079097]" started-at="2026-05-25T17:29:16 GMT-04:00" name="mobilePaymentCarLoan" data-provider="getData" finished-at="2026-05-25T17:29:16 GMT-04:00" duration-ms="1" status="PASS">
          <params>
            <param index="0">
              <value>
                <![CDATA[userName3]]>
              </value>
            </param>
            <param index="1">
              <value>
                <![CDATA[password3]]>
              </value>
            </param>
          </params>
          <reporter-output>
          </reporter-output>
        </test-method> <!-- mobilePaymentCarLoan -->
        <test-method signature="webLoginCarLoan(java.lang.String)[pri:0, instance:test.Test3@79079097]" started-at="2026-05-25T17:29:16 GMT-04:00" name="webLoginCarLoan" finished-at="2026-05-25T17:29:16 GMT-04:00" duration-ms="2" status="PASS">
          <params>
            <param index="0">
              <value>
                <![CDATA[testworldcar.com]]>
              </value>
            </param>
          </params>
          <reporter-output>
          </reporter-output>
        </test-method> <!-- webLoginCarLoan -->
        <test-method signature="apiLoginCarLoan()[pri:0, instance:test.Test3@79079097]" started-at="2026-05-25T17:29:16 GMT-04:00" name="apiLoginCarLoan" finished-at="2026-05-25T17:29:16 GMT-04:00" depends-on-methods="test.Test3.mobilePaymentCarLoan" duration-ms="1" status="PASS">
          <reporter-output>
          </reporter-output>
        </test-method> <!-- apiLoginCarLoan -->
        <test-method is-config="true" signature="postClass()[pri:0, instance:test.Test3@79079097]" started-at="2026-05-25T17:29:16 GMT-04:00" name="postClass" finished-at="2026-05-25T17:29:16 GMT-04:00" duration-ms="1" status="PASS">
          <reporter-output>
          </reporter-output>
        </test-method> <!-- postClass -->
      </class> <!-- test.Test3 -->
    </test> <!-- Car loan -->
  </suite> <!-- Loan dept -->
</testng-results>
