<?xml version="1.0" encoding="UTF-8"?>
<!-- Generated by org.testng.reporters.JUnitReportReporter -->
<testsuite hostname="DESKTOP-O4AKPOT" failures="0" tests="3" name="test.Test4" time="0.005" errors="0" timestamp="2026-05-25T17:29:16 GMT-04:00" skipped="0">
  <testcase classname="test.Test4" name="mobileLoginHomeLoan" time="0.002"/>
  <testcase classname="test.Test4" name="webLoginHomeLoan" time="0.002"/>
  <testcase classname="test.Test4" name="apiLoginHomeLoan" time="0.001"/>
</testsuite> <!-- test.Test4 -->
