<?xml version="1.0" encoding="UTF-8"?>
<!-- Generated by org.testng.reporters.JUnitReportReporter -->
<testsuite hostname="DESKTOP-O4AKPOT" failures="0" tests="6" name="test.Test3" time="0.008" errors="0" timestamp="2026-05-25T17:29:16 GMT-04:00" skipped="0">
  <testcase classname="test.Test3" name="mobileLoginCarLoan" time="0.001"/>
  <testcase classname="test.Test3" name="mobilePaymentCarLoan" time="0.001"/>
  <testcase classname="test.Test3" name="webLoginCarLoan" time="0.002"/>
  <testcase classname="test.Test3" name="mobilePaymentCarLoan" time="0.001"/>
  <testcase classname="test.Test3" name="mobilePaymentCarLoan" time="0.002"/>
  <testcase classname="test.Test3" name="apiLoginCarLoan" time="0.001"/>
</testsuite> <!-- test.Test3 -->
