<?xml version="1.0" encoding="UTF-8"?>
<testng-results ignored="0" total="1" passed="1" failed="0" skipped="0">
  <reporter-output>
  </reporter-output>
  <suite started-at="2026-05-12T17:30:02 GMT-04:00" name="Default suite" finished-at="2026-05-12T17:30:02 GMT-04:00" duration-ms="49">
    <groups>
    </groups>
    <test started-at="2026-05-12T17:30:02 GMT-04:00" name="Default test" finished-at="2026-05-12T17:30:02 GMT-04:00" duration-ms="49">
      <class name="JavaStreams.Test1">
        <test-method signature="streamCollect()[pri:0, instance:JavaStreams.Test1@38d8f54a]" started-at="2026-05-12T17:30:02 GMT-04:00" name="streamCollect" finished-at="2026-05-12T17:30:02 GMT-04:00" duration-ms="10" status="PASS">
          <reporter-output>
          </reporter-output>
        </test-method> <!-- streamCollect -->
      </class> <!-- JavaStreams.Test1 -->
    </test> <!-- Default test -->
  </suite> <!-- Default suite -->
</testng-results>
