<?xml version="1.0" encoding="UTF-8"?>
<testng-results ignored="3" total="5" passed="2" failed="0" skipped="0">
  <reporter-output>
  </reporter-output>
  <suite started-at="2026-07-10T16:31:49 GMT-04:00" name="Suite" finished-at="2026-07-10T16:32:22 GMT-04:00" duration-ms="33527">
    <groups>
      <group name="Purchase">
        <method signature="SubmitOrderTest.submitOrder(java.util.HashMap)[pri:0, instance:com.shivani.seleniumdesignframework.tests.SubmitOrderTest@36fc695d]" name="submitOrder" class="com.shivani.seleniumdesignframework.tests.SubmitOrderTest"/>
      </group> <!-- Purchase -->
    </groups>
    <test started-at="2026-07-10T16:31:49 GMT-04:00" name="Error validation test" finished-at="2026-07-10T16:31:49 GMT-04:00" duration-ms="11">
    </test> <!-- Error validation test -->
    <test started-at="2026-07-10T16:31:49 GMT-04:00" name="Submit order test" finished-at="2026-07-10T16:32:22 GMT-04:00" duration-ms="33527">
      <class name="com.shivani.seleniumdesignframework.tests.SubmitOrderTest">
        <test-method is-config="true" signature="launchApplication()[pri:0, instance:com.shivani.seleniumdesignframework.tests.SubmitOrderTest@36fc695d]" started-at="2026-07-10T16:31:49 GMT-04:00" name="launchApplication" finished-at="2026-07-10T16:31:58 GMT-04:00" duration-ms="8890" status="PASS">
          <reporter-output>
          </reporter-output>
        </test-method> <!-- launchApplication -->
        <test-method signature="submitOrder(java.util.HashMap)[pri:0, instance:com.shivani.seleniumdesignframework.tests.SubmitOrderTest@36fc695d]" started-at="2026-07-10T16:31:58 GMT-04:00" name="submitOrder" data-provider="getData" finished-at="2026-07-10T16:32:08 GMT-04:00" duration-ms="10159" status="PASS">
          <params>
            <param index="0">
              <value>
                <![CDATA[{requiredProduct=ZARA COAT 3, password=@Test000, email=test@quality.com}]]>
              </value>
            </param>
          </params>
          <reporter-output>
          </reporter-output>
        </test-method> <!-- submitOrder -->
        <test-method is-config="true" signature="tearDown()[pri:0, instance:com.shivani.seleniumdesignframework.tests.SubmitOrderTest@36fc695d]" started-at="2026-07-10T16:32:08 GMT-04:00" name="tearDown" finished-at="2026-07-10T16:32:08 GMT-04:00" duration-ms="265" status="PASS">
          <reporter-output>
          </reporter-output>
        </test-method> <!-- tearDown -->
        <test-method is-config="true" signature="launchApplication()[pri:0, instance:com.shivani.seleniumdesignframework.tests.SubmitOrderTest@36fc695d]" started-at="2026-07-10T16:32:08 GMT-04:00" name="launchApplication" finished-at="2026-07-10T16:32:12 GMT-04:00" duration-ms="3710" status="PASS">
          <reporter-output>
          </reporter-output>
        </test-method> <!-- launchApplication -->
        <test-method signature="submitOrder(java.util.HashMap)[pri:0, instance:com.shivani.seleniumdesignframework.tests.SubmitOrderTest@36fc695d]" started-at="2026-07-10T16:32:12 GMT-04:00" name="submitOrder" data-provider="getData" finished-at="2026-07-10T16:32:22 GMT-04:00" duration-ms="10037" status="PASS">
          <params>
            <param index="0">
              <value>
                <![CDATA[{requiredProduct=ADIDAS ORIGINAL, password=@Test001, email=test1@quality.com}]]>
              </value>
            </param>
          </params>
          <reporter-output>
          </reporter-output>
        </test-method> <!-- submitOrder -->
        <test-method is-config="true" signature="tearDown()[pri:0, instance:com.shivani.seleniumdesignframework.tests.SubmitOrderTest@36fc695d]" started-at="2026-07-10T16:32:22 GMT-04:00" name="tearDown" finished-at="2026-07-10T16:32:22 GMT-04:00" duration-ms="160" status="PASS">
          <reporter-output>
          </reporter-output>
        </test-method> <!-- tearDown -->
      </class> <!-- com.shivani.seleniumdesignframework.tests.SubmitOrderTest -->
    </test> <!-- Submit order test -->
  </suite> <!-- Suite -->
</testng-results>
