<?xml version="1.0" encoding="UTF-8"?>
<!-- Generated by org.testng.reporters.JUnitXMLReporter -->
<testsuite ignored="0" hostname="DESKTOP-O4AKPOT" failures="0" tests="2" name="Erroe validation test" time="18.099" errors="0" timestamp="2026-06-09T15:32:40 GMT-04:00">
  <testcase classname="com.shivani.seleniumdesignframework.tests.ErrorValidationTest" name="loginErrorValidation" time="0.744"/>
  <testcase classname="com.shivani.seleniumdesignframework.tests.ErrorValidationTest" name="productErrorValidation" time="8.573"/>
</testsuite> <!-- Erroe validation test -->
