<?xml version="1.0" encoding="UTF-8"?>
<!-- Generated by org.testng.reporters.JUnitXMLReporter -->
<testsuite ignored="2" hostname="DESKTOP-O4AKPOT" failures="0" tests="0" time="0.011" errors="0" timestamp="2026-07-10T16:31:49 GMT-04:00">
  <testcase classname="com.shivani.seleniumdesignframework.tests.ErrorValidationTest" name="loginErrorValidation" time="0.0">
    <ignored/>
  </testcase> <!-- loginErrorValidation -->
  <testcase classname="com.shivani.seleniumdesignframework.tests.ErrorValidationTest" name="productErrorValidation" time="0.0">
    <ignored/>
  </testcase> <!-- productErrorValidation -->
</testsuite>
