<?xml version="1.0" encoding="UTF-8"?>
<!-- Generated by org.testng.reporters.JUnitXMLReporter -->
<testsuite ignored="1" hostname="DESKTOP-O4AKPOT" failures="0" tests="2" name="Submit order test" time="33.527" errors="0" timestamp="2026-07-10T16:32:22 GMT-04:00">
  <testcase classname="com.shivani.seleniumdesignframework.tests.SubmitOrderTest" name="submitOrder" time="10.159"/>
  <testcase classname="com.shivani.seleniumdesignframework.tests.SubmitOrderTest" name="submitOrder" time="10.037"/>
  <testcase classname="com.shivani.seleniumdesignframework.tests.SubmitOrderTest" name="validateOrderHistory" time="0.0">
    <ignored/>
  </testcase> <!-- validateOrderHistory -->
</testsuite> <!-- Submit order test -->
