<?xml version="1.0" encoding="UTF-8"?>
<!-- Generated by org.testng.reporters.JUnitXMLReporter -->
<testsuite ignored="1" hostname="DESKTOP-O4AKPOT" failures="0" tests="2" name="Submit order test" time="31.449" errors="0" timestamp="2026-06-14T12:40:01 GMT-04:00">
  <testcase classname="com.shivani.seleniumdesignframework.tests.SubmitOrderTest" name="submitOrder" time="10.493"/>
  <testcase classname="com.shivani.seleniumdesignframework.tests.SubmitOrderTest" name="submitOrder" time="10.177"/>
  <testcase classname="com.shivani.seleniumdesignframework.tests.SubmitOrderTest" name="validateOrderHistory" time="0.0">
    <ignored/>
  </testcase> <!-- validateOrderHistory -->
</testsuite> <!-- Submit order test -->
