<?xml version="1.0" encoding="UTF-8"?>
<!-- Generated by org.testng.reporters.JUnitXMLReporter -->
<testsuite ignored="0" hostname="DESKTOP-O4AKPOT" failures="0" tests="6" name="Car loan" time="0.033" errors="0" timestamp="2026-05-25T17:29:16 GMT-04:00">
  <testcase classname="test.Test3" name="mobileLoginCarLoan" time="0.001"/>
  <testcase classname="test.Test3" name="mobilePaymentCarLoan" time="0.001"/>
  <testcase classname="test.Test3" name="mobilePaymentCarLoan" time="0.002"/>
  <testcase classname="test.Test3" name="mobilePaymentCarLoan" time="0.001"/>
  <testcase classname="test.Test3" name="webLoginCarLoan" time="0.002"/>
  <testcase classname="test.Test3" name="apiLoginCarLoan" time="0.001"/>
</testsuite> <!-- Car loan -->
