<?xml version="1.0" encoding="UTF-8"?>
<!-- Generated by org.testng.reporters.JUnitXMLReporter -->
<testsuite ignored="2" hostname="DESKTOP-O4AKPOT" failures="0" tests="1" name="Home loan" time="0.006" errors="0" timestamp="2026-05-21T11:58:10 GMT-04:00">
  <testcase classname="test.Test4" name="webLoginHomeLoan" time="0.003"/>
  <testcase classname="test.Test4" name="apiLoginHomeLoan" time="0.0">
    <ignored/>
  </testcase> <!-- apiLoginHomeLoan -->
  <testcase classname="test.Test4" name="mobileLoginHomeLoan" time="0.0">
    <ignored/>
  </testcase> <!-- mobileLoginHomeLoan -->
</testsuite> <!-- Home loan -->
