<?xml version="1.0" encoding="UTF-8"?>
<!-- Generated by org.testng.reporters.JUnitXMLReporter -->
<testsuite ignored="0" hostname="DESKTOP-O4AKPOT" failures="1" tests="6" name="Personal loan" time="0.073" errors="0" timestamp="2026-05-25T17:29:16 GMT-04:00">
  <testcase classname="test.Test1" name="demo1" time="0.009"/>
  <testcase classname="test.Test1" name="demo2" time="0.007">
    <failure type="java.lang.AssertionError" message="expected [true] but found [false]">
      <![CDATA[java.lang.AssertionError: expected [true] but found [false]
at test.Test1.demo2(Test1.java:22)
at java.base/java.util.ArrayList.forEach(ArrayList.java:1596)
at java.base/java.util.concurrent.FutureTask.run(FutureTask.java:317)
at java.base/java.util.concurrent.ThreadPoolExecutor.runWorker(ThreadPoolExecutor.java:1144)
at java.base/java.util.concurrent.ThreadPoolExecutor$Worker.run(ThreadPoolExecutor.java:642)
at java.base/java.lang.Thread.run(Thread.java:1583)
... Removed 19 stack frames]]>
    </failure>
  </testcase> <!-- demo2 -->
  <testcase classname="test.Test2" name="personalLoan" time="0.002"/>
  <testcase classname="test.Test4" name="apiLoginHomeLoan" time="0.001"/>
  <testcase classname="test.Test4" name="mobileLoginHomeLoan" time="0.002"/>
  <testcase classname="test.Test4" name="webLoginHomeLoan" time="0.002"/>
</testsuite> <!-- Personal loan -->
