<?xml version="1.0" encoding="UTF-8"?>
<!-- Generated by org.testng.reporters.JUnitXMLReporter -->
<testsuite ignored="3" hostname="DESKTOP-O4AKPOT" failures="0" tests="7" name="Regression test" time="0.093" errors="0" timestamp="2026-05-21T16:36:36 GMT-04:00">
  <testcase classname="test.Test1" name="demo1" time="0.014"/>
  <testcase classname="test.Test1" name="demo2" time="0.003"/>
  <testcase classname="test.Test4" name="mobileLoginHomeLoan" time="0.002"/>
  <testcase classname="test.Test4" name="webLoginHomeLoan" time="0.003"/>
  <testcase classname="test.Test3" name="apiLoginCarLoan" time="0.002"/>
  <testcase classname="test.Test3" name="mobilePaymentCarLoan" time="0.002"/>
  <testcase classname="test.Test3" name="webLoginCarLoan" time="0.002"/>
  <testcase classname="test.Test2" name="personalLoan" time="0.0">
    <ignored/>
  </testcase> <!-- personalLoan -->
  <testcase classname="test.Test3" name="mobileLoginCarLoan" time="0.0">
    <ignored/>
  </testcase> <!-- mobileLoginCarLoan -->
  <testcase classname="test.Test4" name="apiLoginHomeLoan" time="0.0">
    <ignored/>
  </testcase> <!-- apiLoginHomeLoan -->
</testsuite> <!-- Regression test -->
