<?xml version="1.0" encoding="UTF-8"?>
<testng-results ignored="0" total="1" passed="1" failed="0" skipped="0">
  <reporter-output>
  </reporter-output>
  <suite started-at="2026-07-13T17:04:12 GMT-04:00" name="Default suite" finished-at="2026-07-13T17:04:18 GMT-04:00" duration-ms="5965">
    <groups>
    </groups>
    <test started-at="2026-07-13T17:04:12 GMT-04:00" name="Default test" finished-at="2026-07-13T17:04:18 GMT-04:00" duration-ms="5965">
      <class name="com.shivani.ExtentReports.ExtentreportDemo">
        <test-method is-config="true" signature="setup()[pri:0, instance:com.shivani.ExtentReports.ExtentreportDemo@3c41ed1d]" started-at="2026-07-13T17:04:12 GMT-04:00" name="setup" finished-at="2026-07-13T17:04:12 GMT-04:00" duration-ms="251" status="PASS">
          <reporter-output>
          </reporter-output>
        </test-method> <!-- setup -->
        <test-method signature="initialDemo()[pri:0, instance:com.shivani.ExtentReports.ExtentreportDemo@3c41ed1d]" started-at="2026-07-13T17:04:12 GMT-04:00" name="initialDemo" finished-at="2026-07-13T17:04:18 GMT-04:00" duration-ms="5368" status="PASS">
          <reporter-output>
          </reporter-output>
        </test-method> <!-- initialDemo -->
        <test-method is-config="true" signature="teardown()[pri:0, instance:com.shivani.ExtentReports.ExtentreportDemo@3c41ed1d]" started-at="2026-07-13T17:04:18 GMT-04:00" name="teardown" finished-at="2026-07-13T17:04:18 GMT-04:00" duration-ms="302" status="PASS">
          <reporter-output>
          </reporter-output>
        </test-method> <!-- teardown -->
      </class> <!-- com.shivani.ExtentReports.ExtentreportDemo -->
    </test> <!-- Default test -->
  </suite> <!-- Default suite -->
</testng-results>
